This is XeTeX, Version 3.141592653-2.6-0.999995 (TeX Live 2023) (preloaded format=xelatex 2023.6.19)  8 JUL 2023 09:18
entering extended mode
 restricted \write18 enabled.
 %&-line parsing enabled.
**12345moxing.tex
(./12345moxing.tex
LaTeX2e <2022-11-01> patch level 1
L3 programming layer <2023-02-22>
! Undefined control sequence.
l.1 \section
            {12345模型}
The control sequence at the end of the top line
of your error message was never \def'ed. If you have
misspelled it (e.g., `\hobx'), type `I' and the correct
spelling (e.g., `I\hbox'). Otherwise just continue,
and I'll forget about whatever was undefined.


! LaTeX Error: Missing \begin{document}.

See the LaTeX manual or LaTeX Companion for explanation.
Type  H <return>  for immediate help.
 ...                                              
                                                  
l.1 \section{1
              2345模型}
You're in trouble here.  Try typing  <return>  to proceed.
If that doesn't work, type  X <return>  to quit.

Missing character: There is no 1 ("31) in font nullfont!
Missing character: There is no 2 ("32) in font nullfont!
Missing character: There is no 3 ("33) in font nullfont!
Missing character: There is no 4 ("34) in font nullfont!
Missing character: There is no 5 ("35) in font nullfont!
Missing character: There is no 模 ("6A21) in font nullfont!
Missing character: There is no 型 ("578B) in font nullfont!
! Undefined control sequence.
l.2 \subsection
               {【模型解读】}
The control sequence at the end of the top line
of your error message was never \def'ed. If you have
misspelled it (e.g., `\hobx'), type `I' and the correct
spelling (e.g., `I\hbox'). Otherwise just continue,
and I'll forget about whatever was undefined.

Missing character: There is no 【 ("3010) in font nullfont!
Missing character: There is no 模 ("6A21) in font nullfont!
Missing character: There is no 型 ("578B) in font nullfont!
Missing character: There is no 解 ("89E3) in font nullfont!
Missing character: There is no 读 ("8BFB) in font nullfont!
Missing character: There is no 】 ("3011) in font nullfont!

Overfull \hbox (20.0pt too wide) in paragraph at lines 1--3
[]
 []


! LaTeX Error: Missing \begin{document}.

See the LaTeX manual or LaTeX Companion for explanation.
Type  H <return>  for immediate help.
 ...                                              
                                                  
l.4 初
     中几何，直角三角形具有举足轻重的地位，贯彻初中数学的始终，无论是一次函数、平行四边形、\vovs{特殊平行四边形}、反比例函数、二次函数、相似...

You're in trouble here.  Try typing  <return>  to proceed.
If that doesn't work, type  X <return>  to quit.

Missing character: There is no 初 ("521D) in font nullfont!
Missing character: There is no 中 ("4E2D) in font nullfont!
Missing character: There is no 几 ("51E0) in font nullfont!
Missing character: There is no 何 ("4F55) in font nullfont!
Missing character: There is no ， ("FF0C) in font nullfont!
Missing character: There is no 直 ("76F4) in font nullfont!
Missing character: There is no 角 ("89D2) in font nullfont!
Missing character: There is no 三 ("4E09) in font nullfont!
Missing character: There is no 角 ("89D2) in font nullfont!
Missing character: There is no 形 ("5F62) in font nullfont!
Missing character: There is no 具 ("5177) in font nullfont!
Missing character: There is no 有 ("6709) in font nullfont!
Missing character: There is no 举 ("4E3E) in font nullfont!
Missing character: There is no 足 ("8DB3) in font nullfont!
Missing character: There is no 轻 ("8F7B) in font nullfont!
Missing character: There is no 重 ("91CD) in font nullfont!
Missing character: There is no 的 ("7684) in font nullfont!
Missing character: There is no 地 ("5730) in font nullfont!
Missing character: There is no 位 ("4F4D) in font nullfont!
Missing character: There is no ， ("FF0C) in font nullfont!
Missing character: There is no 贯 ("8D2F) in font nullfont!
Missing character: There is no 彻 ("5F7B) in font nullfont!
Missing character: There is no 初 ("521D) in font nullfont!
Missing character: There is no 中 ("4E2D) in font nullfont!
Missing character: There is no 数 ("6570) in font nullfont!
Missing character: There is no 学 ("5B66) in font nullfont!
Missing character: There is no 的 ("7684) in font nullfont!
Missing character: There is no 始 ("59CB) in font nullfont!
Missing character: There is no 终 ("7EC8) in font nullfont!
Missing character: There is no ， ("FF0C) in font nullfont!
Missing character: There is no 无 ("65E0) in font nullfont!
Missing character: There is no 论 ("8BBA) in font nullfont!
Missing character: There is no 是 ("662F) in font nullfont!
Missing character: There is no 一 ("4E00) in font nullfont!
Missing character: There is no 次 ("6B21) in font nullfont!
Missing character: There is no 函 ("51FD) in font nullfont!
Missing character: There is no 数 ("6570) in font nullfont!
Missing character: There is no 、 ("3001) in font nullfont!
Missing character: There is no 平 ("5E73) in font nullfont!
Missing character: There is no 行 ("884C) in font nullfont!
Missing character: There is no 四 ("56DB) in font nullfont!
Missing character: There is no 边 ("8FB9) in font nullfont!
Missing character: There is no 形 ("5F62) in font nullfont!
Missing character: There is no 、 ("3001) in font nullfont!
! Undefined control sequence.
l.4 ...角三角形具有举足轻重的地位，贯彻初中数学的始终，无论是一次函数、平行四边形、\vovs
                                                  {特殊平行四边形}、反比例函数、二次函数、相似、圆，...
The control sequence at the end of the top line
of your error message was never \def'ed. If you have
misspelled it (e.g., `\hobx'), type `I' and the correct
spelling (e.g., `I\hbox'). Otherwise just continue,
and I'll forget about whatever was undefined.

Missing character: There is no 特 ("7279) in font nullfont!
Missing character: There is no 殊 ("6B8A) in font nullfont!
Missing character: There is no 平 ("5E73) in font nullfont!
Missing character: There is no 行 ("884C) in font nullfont!
Missing character: There is no 四 ("56DB) in font nullfont!
Missing character: There is no 边 ("8FB9) in font nullfont!
Missing character: There is no 形 ("5F62) in font nullfont!
Missing character: There is no 、 ("3001) in font nullfont!
Missing character: There is no 反 ("53CD) in font nullfont!
Missing character: There is no 比 ("6BD4) in font nullfont!
Missing character: There is no 例 ("4F8B) in font nullfont!
Missing character: There is no 函 ("51FD) in font nullfont!
Missing character: There is no 数 ("6570) in font nullfont!
Missing character: There is no 、 ("3001) in font nullfont!
Missing character: There is no 二 ("4E8C) in font nullfont!
Missing character: There is no 次 ("6B21) in font nullfont!
Missing character: There is no 函 ("51FD) in font nullfont!
Missing character: There is no 数 ("6570) in font nullfont!
Missing character: There is no 、 ("3001) in font nullfont!
Missing character: There is no 相 ("76F8) in font nullfont!
Missing character: There is no 似 ("4F3C) in font nullfont!
Missing character: There is no 、 ("3001) in font nullfont!
Missing character: There is no 圆 ("5706) in font nullfont!
Missing character: There is no ， ("FF0C) in font nullfont!
Missing character: There is no 都 ("90FD) in font nullfont!
Missing character: There is no 离 ("79BB) in font nullfont!
Missing character: There is no 不 ("4E0D) in font nullfont!
Missing character: There is no 开 ("5F00) in font nullfont!
Missing character: There is no 直 ("76F4) in font nullfont!
Missing character: There is no 角 ("89D2) in font nullfont!
Missing character: There is no 三 ("4E09) in font nullfont!
Missing character: There is no 角 ("89D2) in font nullfont!
Missing character: There is no 形 ("5F62) in font nullfont!
Missing character: There is no 。 ("3002) in font nullfont!
Missing character: There is no 而 ("800C) in font nullfont!
Missing character: There is no 在 ("5728) in font nullfont!
Missing character: There is no 直 ("76F4) in font nullfont!
Missing character: There is no 角 ("89D2) in font nullfont!
Missing character: There is no 三 ("4E09) in font nullfont!
Missing character: There is no 角 ("89D2) in font nullfont!
Missing character: There is no 形 ("5F62) in font nullfont!
Missing character: There is no 中 ("4E2D) in font nullfont!
Missing character: There is no ， ("FF0C) in font nullfont!
Missing character: There is no 3 ("33) in font nullfont!
Missing character: There is no 4 ("34) in font nullfont!
Missing character: There is no 5 ("35) in font nullfont!
Missing character: There is no 的 ("7684) in font nullfont!
Missing character: There is no 三 ("4E09) in font nullfont!
Missing character: There is no 角 ("89D2) in font nullfont!
Missing character: There is no 形 ("5F62) in font nullfont!
Missing character: There is no 比 ("6BD4) in font nullfont!
Missing character: There is no 含 ("542B) in font nullfont!
Missing character: There is no 有 ("6709) in font nullfont!
LaTeX Font Info:    External font `cmex10' loaded for size
(Font)              <7> on input line 4.
LaTeX Font Info:    External font `cmex10' loaded for size
(Font)              <5> on input line 4.
Missing character: There is no 的 ("7684) in font nullfont!
Missing character: There is no 直 ("76F4) in font nullfont!
Missing character: There is no 角 ("89D2) in font nullfont!
Missing character: There is no 三 ("4E09) in font nullfont!
Missing character: There is no 角 ("89D2) in font nullfont!
Missing character: There is no 形 ("5F62) in font nullfont!
Missing character: There is no 的 ("7684) in font nullfont!
Missing character: There is no ： ("FF1A) in font cmr10!
Missing character: There is no 以 ("4EE5) in font nullfont!
Missing character: There is no 及 ("53CA) in font nullfont!
Missing character: There is no 含 ("542B) in font nullfont!
Missing character: There is no 有 ("6709) in font nullfont!
Missing character: There is no 的 ("7684) in font nullfont!
Missing character: There is no 直 ("76F4) in font nullfont!
Missing character: There is no 角 ("89D2) in font nullfont!
Missing character: There is no 三 ("4E09) in font nullfont!
Missing character: There is no 角 ("89D2) in font nullfont!
Missing character: There is no 形 ("5F62) in font nullfont!
Missing character: There is no 的 ("7684) in font nullfont!
Missing character: There is no 更 ("66F4) in font nullfont!
Missing character: There is no 加 ("52A0) in font nullfont!
Missing character: There is no 特 ("7279) in font nullfont!
Missing character: There is no 殊 ("6B8A) in font nullfont!
Missing character: There is no 更 ("66F4) in font nullfont!
Missing character: There is no 加 ("52A0) in font nullfont!
Missing character: There is no 重 ("91CD) in font nullfont!
Missing character: There is no 要 ("8981) in font nullfont!
Missing character: There is no 。 ("3002) in font nullfont!
Missing character: There is no 因 ("56E0) in font nullfont!
Missing character: There is no 为 ("4E3A) in font nullfont!
Missing character: There is no 3 ("33) in font nullfont!
Missing character: There is no 4 ("34) in font nullfont!
Missing character: There is no 5 ("35) in font nullfont!
Missing character: There is no 不 ("4E0D) in font nullfont!
Missing character: There is no 仅 ("4EC5) in font nullfont!
Missing character: There is no 仅 ("4EC5) in font nullfont!
Missing character: There is no 是 ("662F) in font nullfont!
Missing character: There is no 自 ("81EA) in font nullfont!
Missing character: There is no 己 ("5DF1) in font nullfont!
Missing character: There is no 特 ("7279) in font nullfont!
Missing character: There is no 殊 ("6B8A) in font nullfont!
Missing character: There is no ， ("FF0C) in font nullfont!
Missing character: There is no 更 ("66F4) in font nullfont!
Missing character: There is no 是 ("662F) in font nullfont!
Missing character: There is no 可 ("53EF) in font nullfont!
Missing character: There is no 以 ("4EE5) in font nullfont!
Missing character: There is no 在 ("5728) in font nullfont!
Missing character: There is no 变 ("53D8) in font nullfont!
Missing character: There is no 化 ("5316) in font nullfont!
Missing character: There is no 中 ("4E2D) in font nullfont!
Missing character: There is no 隐 ("9690) in font nullfont!
Missing character: There is no 藏 ("85CF) in font nullfont!
Missing character: There is no 更 ("66F4) in font nullfont!
Missing character: There is no 加 ("52A0) in font nullfont!
Missing character: There is no 特 ("7279) in font nullfont!
Missing character: There is no 殊 ("6B8A) in font nullfont!
Missing character: There is no 的 ("7684) in font nullfont!
Missing character: There is no 变 ("53D8) in font nullfont!
Missing character: There is no 化 ("5316) in font nullfont!
! Undefined control sequence.
l.4 ...仅是自己特殊，更是可以在变化中隐藏更加特殊的变化$(1:2:\sqrt{5}\text
                                                  {及}1:3:\sqrt{10})$，综合性非常大，...
The control sequence at the end of the top line
of your error message was never \def'ed. If you have
misspelled it (e.g., `\hobx'), type `I' and the correct
spelling (e.g., `I\hbox'). Otherwise just continue,
and I'll forget about whatever was undefined.

Missing character: There is no 及 ("53CA) in font cmr10!
Missing character: There is no ， ("FF0C) in font nullfont!
Missing character: There is no 综 ("7EFC) in font nullfont!
Missing character: There is no 合 ("5408) in font nullfont!
Missing character: There is no 性 ("6027) in font nullfont!
Missing character: There is no 非 ("975E) in font nullfont!
Missing character: There is no 常 ("5E38) in font nullfont!
Missing character: There is no 大 ("5927) in font nullfont!
Missing character: There is no ， ("FF0C) in font nullfont!
Missing character: There is no 深 ("6DF1) in font nullfont!
Missing character: There is no 受 ("53D7) in font nullfont!
Missing character: There is no 压 ("538B) in font nullfont!
Missing character: There is no 轴 ("8F74) in font nullfont!
Missing character: There is no 题 ("9898) in font nullfont!
Missing character: There is no 的 ("7684) in font nullfont!
Missing character: There is no 喜 ("559C) in font nullfont!
Missing character: There is no 爱 ("7231) in font nullfont!
Missing character: There is no 。 ("3002) in font nullfont!
Missing character: There is no 现 ("73B0) in font nullfont!
Missing character: There is no 在 ("5728) in font nullfont!
Missing character: There is no 带 ("5E26) in font nullfont!
Missing character: There is no 领 ("9886) in font nullfont!
Missing character: There is no 大 ("5927) in font nullfont!
Missing character: There is no 家 ("5BB6) in font nullfont!
Missing character: There is no 领 ("9886) in font nullfont!
Missing character: There is no 略 ("7565) in font nullfont!
Missing character: There is no 一 ("4E00) in font nullfont!
Missing character: There is no 下 ("4E0B) in font nullfont!
Missing character: There is no 3 ("33) in font nullfont!
Missing character: There is no 4 ("34) in font nullfont!
Missing character: There is no 5 ("35) in font nullfont!
Missing character: There is no 的 ("7684) in font nullfont!
Missing character: There is no 独 ("72EC) in font nullfont!
Missing character: There is no 特 ("7279) in font nullfont!
Missing character: There is no 魅 ("9B45) in font nullfont!
Missing character: There is no 力 ("529B) in font nullfont!
Missing character: There is no ： ("FF1A) in font nullfont!

Overfull \hbox (58.48615pt too wide) in paragraph at lines 4--5
[]$\OT1/cmr/m/n/10 30[]$$1[] :
 []


Overfull \hbox (30.15279pt too wide) in paragraph at lines 4--5
\OT1/cmr/m/n/10 2$$45[]$$1 :
 []


Overfull \hbox (10.55551pt too wide) in paragraph at lines 4--5
\OT1/cmr/m/n/10 1 :
 []


Overfull \hbox (27.77779pt too wide) in paragraph at lines 4--5
[]$$\OT1/cmr/m/n/10 (1 :
 []


Overfull \hbox (10.55551pt too wide) in paragraph at lines 4--5
\OT1/cmr/m/n/10 2 :
 []


Overfull \hbox (23.88889pt too wide) in paragraph at lines 4--5
[]\OT1/cmr/m/n/10 1 :
 []


Overfull \hbox (10.55551pt too wide) in paragraph at lines 4--5
\OT1/cmr/m/n/10 3 :
 []


Overfull \hbox (22.22229pt too wide) in paragraph at lines 4--5
[]\OT1/cmr/m/n/10 )$ 
 []


! LaTeX Error: Missing \begin{document}.

See the LaTeX manual or LaTeX Companion for explanation.
Type  H <return>  for immediate help.
 ...                                              
                                                  
l.6 \[
       \text{12345模型}\begin{cases}
You're in trouble here.  Try typing  <return>  to proceed.
If that doesn't work, type  X <return>  to quit.


Overfull \hbox (20.0pt too wide) in paragraph at lines 6--6
[][] 
 []

! Undefined control sequence.
l.6 \[ \text
            {12345模型}\begin{cases}
The control sequence at the end of the top line
of your error message was never \def'ed. If you have
misspelled it (e.g., `\hobx'), type `I' and the correct
spelling (e.g., `I\hbox'). Otherwise just continue,
and I'll forget about whatever was undefined.

! Missing $ inserted.
<inserted text> 
                $
l.8 
    
I've inserted a begin-math/end-math symbol since I think
you left one out. Proceed, with fingers crossed.

! Missing \endgroup inserted.
<inserted text> 
                \endgroup 
l.8 
    
I've inserted something that you may have forgotten.
(See the <inserted text> above.)
With luck, this will get me unwedged. But if you
really didn't forget anything, try typing `2' now; then
my insertion and my current dilemma will both disappear.

! Display math should end with $$.
<to be read again> 
                   \tex_par:D 
l.8 
    
The `$' that I just saw supposedly matches a previous `$$'.
So I shall assume that you typed `$$' both times.

Missing character: There is no 模 ("6A21) in font cmr10!
Missing character: There is no 型 ("578B) in font cmr10!

Overfull \hbox (77.81172pt too wide) detected at line 8
[] [] \OML/cmm/m/it/10 ^^K \OT1/cmr/m/n/10 = [][] 
 []

! Missing $ inserted.
<inserted text> 
                $
l.9 \tan
         \beta=\frac{1}{3}
I've inserted a begin-math/end-math symbol since I think
you left one out. Proceed, with fingers crossed.


! LaTeX Error: Missing \begin{document}.

See the LaTeX manual or LaTeX Companion for explanation.
Type  H <return>  for immediate help.
 ...                                              
                                                  
l.9 \tan
         \beta=\frac{1}{3}
You're in trouble here.  Try typing  <return>  to proceed.
If that doesn't work, type  X <return>  to quit.


! LaTeX Error: \begin{document} ended by \end{cases}.

See the LaTeX manual or LaTeX Companion for explanation.
Type  H <return>  for immediate help.
 ...                                              
                                                  
l.10 \end{cases}
                 \Rightarrow \alpha+\beta=45^\circ \]
Your command was ignored.
Type  I <command> <return>  to replace it with another command,
or  <return>  to continue without it.

! Missing $ inserted.
<inserted text> 
                $
l.10 \end{cases}
                 \Rightarrow \alpha+\beta=45^\circ \]
I've inserted something that you may have forgotten.
(See the <inserted text> above.)
With luck, this will get me unwedged. But if you
really didn't forget anything, try typing `2' now; then
my insertion and my current dilemma will both disappear.

! Extra \endgroup.
<recently read> \endgroup 
                          
l.10 \end{cases}
                 \Rightarrow \alpha+\beta=45^\circ \]
Things are pretty mixed up, but I think the worst is over.

! Missing $ inserted.
<inserted text> 
                $
l.10 \end{cases} \Rightarrow
                             \alpha+\beta=45^\circ \]
I've inserted a begin-math/end-math symbol since I think
you left one out. Proceed, with fingers crossed.


! LaTeX Error: Bad math environment delimiter.

See the LaTeX manual or LaTeX Companion for explanation.
Type  H <return>  for immediate help.
 ...                                              
                                                  
l.10 ...ases} \Rightarrow \alpha+\beta=45^\circ \]
                                                  
Your command was ignored.
Type  I <command> <return>  to replace it with another command,
or  <return>  to continue without it.

)
! Emergency stop.
<*> 12345moxing.tex
                   
*** (job aborted, no legal \end found)

 
Here is how much of TeX's memory you used:
 18 strings out of 478630
 349 string characters out of 5846970
 1843018 words of memory out of 5000000
 20243 multiletter control sequences out of 15000+600000
 512287 words of font info for 32 fonts, out of 8000000 for 9000
 36 hyphenation exceptions out of 8191
 18i,7n,12p,331b,57s stack positions out of 10000i,1000n,20000p,200000b,200000s
No pages of output.
