This is XeTeX, Version 3.14159265-2.6-0.99999 (TeX Live 2018) (preloaded format=xelatex 2018.8.29)  1 SEP 2018 10:21
entering extended mode
 restricted \write18 enabled.
 %&-line parsing enabled.
**qitaqiudaolei.tex
(./qitaqiudaolei.tex
LaTeX2e <2018-04-01> patch level 5
! Undefined control sequence.
l.1 \section
            {其他求导类型}
The control sequence at the end of the top line
of your error message was never \def'ed. If you have
misspelled it (e.g., `\hobx'), type `I' and the correct
spelling (e.g., `I\hbox'). Otherwise just continue,
and I'll forget about whatever was undefined.


! LaTeX Error: Missing \begin{document}.

See the LaTeX manual or LaTeX Companion for explanation.
Type  H <return>  for immediate help.
 ...                                              
                                                  
l.1 \section{其
              他求导类型}
You're in trouble here.  Try typing  <return>  to proceed.
If that doesn't work, type  X <return>  to quit.

Missing character: There is no 其 in font nullfont!
Missing character: There is no 他 in font nullfont!
Missing character: There is no 求 in font nullfont!
Missing character: There is no 导 in font nullfont!
Missing character: There is no 类 in font nullfont!
Missing character: There is no 型 in font nullfont!
! Undefined control sequence.
l.2 \subsection
               {隐函数及其求导法}
The control sequence at the end of the top line
of your error message was never \def'ed. If you have
misspelled it (e.g., `\hobx'), type `I' and the correct
spelling (e.g., `I\hbox'). Otherwise just continue,
and I'll forget about whatever was undefined.

Missing character: There is no 隐 in font nullfont!
Missing character: There is no 函 in font nullfont!
Missing character: There is no 数 in font nullfont!
Missing character: There is no 及 in font nullfont!
Missing character: There is no 其 in font nullfont!
Missing character: There is no 求 in font nullfont!
Missing character: There is no 导 in font nullfont!
Missing character: There is no 法 in font nullfont!
Missing character: There is no 由 in font nullfont!
Missing character: There is no 方 in font nullfont!
Missing character: There is no 程 in font nullfont!
LaTeX Font Info:    External font `cmex10' loaded for size
(Font)              <7> on input line 3.
LaTeX Font Info:    External font `cmex10' loaded for size
(Font)              <5> on input line 3.
Missing character: There is no 所 in font nullfont!
Missing character: There is no 确 in font nullfont!
Missing character: There is no 定 in font nullfont!
Missing character: There is no 的 in font nullfont!
Missing character: There is no 与 in font nullfont!
Missing character: There is no 间 in font nullfont!
Missing character: There is no 的 in font nullfont!
Missing character: There is no 函 in font nullfont!
Missing character: There is no 数 in font nullfont!
Missing character: There is no 关 in font nullfont!
Missing character: There is no 系 in font nullfont!
Missing character: There is no 称 in font nullfont!
Missing character: There is no 为 in font nullfont!
Missing character: There is no 隐 in font nullfont!
Missing character: There is no 函 in font nullfont!
Missing character: There is no 数 in font nullfont!
Missing character: There is no 。 in font nullfont!

Overfull \hbox (20.0pt too wide) in paragraph at lines 1--3
[]
 []


Overfull \hbox (43.24068pt too wide) in paragraph at lines 1--3
\OML/cmm/m/it/10 F [] \OT1/cmr/m/n/10 =
 []


Overfull \hbox (15.97688pt too wide) in paragraph at lines 1--3
\OT1/cmr/m/n/10 0$$\OML/cmm/m/it/10 y$$x$ 
 []

! Undefined control sequence.
l.4 {\kaishu
            \color{blue} 隐函数求导法：$F\left(x,y\right)=0$两边对$x$求导（$y$是$x$的函数$y=f...
The control sequence at the end of the top line
of your error message was never \def'ed. If you have
misspelled it (e.g., `\hobx'), type `I' and the correct
spelling (e.g., `I\hbox'). Otherwise just continue,
and I'll forget about whatever was undefined.

! Undefined control sequence.
l.4 {\kaishu\color
                  {blue} 隐函数求导法：$F\left(x,y\right)=0$两边对$x$求导（$y$是$x$的函数$y=f...
The control sequence at the end of the top line
of your error message was never \def'ed. If you have
misspelled it (e.g., `\hobx'), type `I' and the correct
spelling (e.g., `I\hbox'). Otherwise just continue,
and I'll forget about whatever was undefined.


! LaTeX Error: Missing \begin{document}.

See the LaTeX manual or LaTeX Companion for explanation.
Type  H <return>  for immediate help.
 ...                                              
                                                  
l.4 {\kaishu\color{b
                    lue} 隐函数求导法：$F\left(x,y\right)=0$两边对$x$求导（$y$是$x$的函数$y=f...

You're in trouble here.  Try typing  <return>  to proceed.
If that doesn't work, type  X <return>  to quit.

Missing character: There is no b in font nullfont!
Missing character: There is no l in font nullfont!
Missing character: There is no u in font nullfont!
Missing character: There is no e in font nullfont!
Missing character: There is no 隐 in font nullfont!
Missing character: There is no 函 in font nullfont!
Missing character: There is no 数 in font nullfont!
Missing character: There is no 求 in font nullfont!
Missing character: There is no 导 in font nullfont!
Missing character: There is no 法 in font nullfont!
Missing character: There is no ： in font nullfont!
Missing character: There is no 两 in font nullfont!
Missing character: There is no 边 in font nullfont!
Missing character: There is no 对 in font nullfont!
Missing character: There is no 求 in font nullfont!
Missing character: There is no 导 in font nullfont!
Missing character: There is no （ in font nullfont!
Missing character: There is no 是 in font nullfont!
Missing character: There is no 的 in font nullfont!
Missing character: There is no 函 in font nullfont!
Missing character: There is no 数 in font nullfont!
Missing character: There is no ） in font nullfont!
Missing character: There is no 得 in font nullfont!
Missing character: There is no 到 in font nullfont!
Missing character: There is no 一 in font nullfont!
Missing character: There is no 个 in font nullfont!
Missing character: There is no 关 in font nullfont!
Missing character: There is no 于 in font nullfont!
Missing character: There is no 的 in font nullfont!
Missing character: There is no 方 in font nullfont!
Missing character: There is no 程 in font nullfont!
Missing character: There is no ， in font nullfont!
Missing character: There is no 解 in font nullfont!
Missing character: There is no 出 in font nullfont!
Missing character: There is no 即 in font nullfont!
Missing character: There is no 可 in font nullfont!
Missing character: There is no 。 in font nullfont!

! LaTeX Error: Environment example undefined.

See the LaTeX manual or LaTeX Companion for explanation.
Type  H <return>  for immediate help.
 ...                                              
                                                  
l.5 \begin{example}
                   
Your command was ignored.
Type  I <command> <return>  to replace it with another command,
or  <return>  to continue without it.

Missing character: There is no 求 in font nullfont!
Missing character: There is no 方 in font nullfont!
Missing character: There is no 程 in font nullfont!
Missing character: There is no 所 in font nullfont!
Missing character: There is no 确 in font nullfont!
Missing character: There is no 定 in font nullfont!
Missing character: There is no 的 in font nullfont!
Missing character: There is no 隐 in font nullfont!
Missing character: There is no 函 in font nullfont!
Missing character: There is no 数 in font nullfont!
Missing character: There is no 的 in font nullfont!
Missing character: There is no 导 in font nullfont!
Missing character: There is no 数 in font nullfont!
Missing character: There is no 。 in font nullfont!

! LaTeX Error: \begin{document} ended by \end{example}.

See the LaTeX manual or LaTeX Companion for explanation.
Type  H <return>  for immediate help.
 ...                                              
                                                  
l.7 \end{example}
                 
Your command was ignored.
Type  I <command> <return>  to replace it with another command,
or  <return>  to continue without it.


! LaTeX Error: Environment solution undefined.

See the LaTeX manual or LaTeX Companion for explanation.
Type  H <return>  for immediate help.
 ...                                              
                                                  
l.8 \begin{solution}
                    
Your command was ignored.
Type  I <command> <return>  to replace it with another command,
or  <return>  to continue without it.

Missing character: There is no 方 in font nullfont!
Missing character: There is no 程 in font nullfont!
Missing character: There is no 两 in font nullfont!
Missing character: There is no 边 in font nullfont!
Missing character: There is no 对 in font nullfont!
Missing character: There is no 求 in font nullfont!
Missing character: There is no 导 in font nullfont!
! Undefined control sequence.
<recently read> \therefore 
                           
l.11 $\therefore
                 y'=\dfrac{1+21x^6}{5y^4+2}$
The control sequence at the end of the top line
of your error message was never \def'ed. If you have
misspelled it (e.g., `\hobx'), type `I' and the correct
spelling (e.g., `I\hbox'). Otherwise just continue,
and I'll forget about whatever was undefined.

! Undefined control sequence.
l.11 $\therefore y'=\dfrac
                          {1+21x^6}{5y^4+2}$
The control sequence at the end of the top line
of your error message was never \def'ed. If you have
misspelled it (e.g., `\hobx'), type `I' and the correct
spelling (e.g., `I\hbox'). Otherwise just continue,
and I'll forget about whatever was undefined.


! LaTeX Error: \begin{document} ended by \end{solution}.

See the LaTeX manual or LaTeX Companion for explanation.
Type  H <return>  for immediate help.
 ...                                              
                                                  
l.12 \end{solution}
                   
Your command was ignored.
Type  I <command> <return>  to replace it with another command,
or  <return>  to continue without it.


! LaTeX Error: Environment example undefined.

See the LaTeX manual or LaTeX Companion for explanation.
Type  H <return>  for immediate help.
 ...                                              
                                                  
l.13 \begin{example}
                    
Your command was ignored.
Type  I <command> <return>  to replace it with another command,
or  <return>  to continue without it.

Missing character: There is no 求 in font nullfont!
Missing character: There is no 由 in font nullfont!
Missing character: There is no 方 in font nullfont!
Missing character: There is no 程 in font nullfont!
Missing character: There is no 所 in font nullfont!
Missing character: There is no 确 in font nullfont!
Missing character: There is no 定 in font nullfont!
Missing character: There is no 的 in font nullfont!
Missing character: There is no 隐 in font nullfont!
Missing character: There is no 函 in font nullfont!
Missing character: There is no 数 in font nullfont!
Missing character: There is no 的 in font nullfont!
Missing character: There is no 导 in font nullfont!
Missing character: There is no 数 in font nullfont!
Missing character: There is no 。 in font nullfont!

! LaTeX Error: \begin{document} ended by \end{example}.

See the LaTeX manual or LaTeX Companion for explanation.
Type  H <return>  for immediate help.
 ...                                              
                                                  
l.15 \end{example}
                  
Your command was ignored.
Type  I <command> <return>  to replace it with another command,
or  <return>  to continue without it.


! LaTeX Error: Environment solution undefined.

See the LaTeX manual or LaTeX Companion for explanation.
Type  H <return>  for immediate help.
 ...                                              
                                                  
l.16 \begin{solution}
                     
Your command was ignored.
Type  I <command> <return>  to replace it with another command,
or  <return>  to continue without it.

Missing character: There is no 方 in font nullfont!
Missing character: There is no 程 in font nullfont!
Missing character: There is no 两 in font nullfont!
Missing character: There is no 边 in font nullfont!
Missing character: There is no 对 in font nullfont!
Missing character: There is no 求 in font nullfont!
Missing character: There is no 导 in font nullfont!
! Undefined control sequence.
<recently read> \therefore 
                           
l.18 $\therefore
                 y'=\dfrac{e^x-y}{e^y+x}$\\
The control sequence at the end of the top line
of your error message was never \def'ed. If you have
misspelled it (e.g., `\hobx'), type `I' and the correct
spelling (e.g., `I\hbox'). Otherwise just continue,
and I'll forget about whatever was undefined.

! Undefined control sequence.
l.18 $\therefore y'=\dfrac
                          {e^x-y}{e^y+x}$\\
The control sequence at the end of the top line
of your error message was never \def'ed. If you have
misspelled it (e.g., `\hobx'), type `I' and the correct
spelling (e.g., `I\hbox'). Otherwise just continue,
and I'll forget about whatever was undefined.

! Undefined control sequence.
<recently read> \text 
                      
l.19 $\text
           {当}x=0\text{时，由方程解出}y=0,\therefore y'(0)=1$
The control sequence at the end of the top line
of your error message was never \def'ed. If you have
misspelled it (e.g., `\hobx'), type `I' and the correct
spelling (e.g., `I\hbox'). Otherwise just continue,
and I'll forget about whatever was undefined.

! Undefined control sequence.
l.19 $\text{当}x=0\text
                      {时，由方程解出}y=0,\therefore y'(0)=1$
The control sequence at the end of the top line
of your error message was never \def'ed. If you have
misspelled it (e.g., `\hobx'), type `I' and the correct
spelling (e.g., `I\hbox'). Otherwise just continue,
and I'll forget about whatever was undefined.

! Undefined control sequence.
l.19 $\text{当}x=0\text{时，由方程解出}y=0,\therefore
                                              y'(0)=1$
The control sequence at the end of the top line
of your error message was never \def'ed. If you have
misspelled it (e.g., `\hobx'), type `I' and the correct
spelling (e.g., `I\hbox'). Otherwise just continue,
and I'll forget about whatever was undefined.

Missing character: There is no 当 in font cmr10!
Missing character: There is no 时 in font cmr10!
Missing character: There is no ， in font cmr10!
Missing character: There is no 由 in font cmr10!
Missing character: There is no 方 in font cmr10!
Missing character: There is no 程 in font cmr10!
Missing character: There is no 解 in font cmr10!
Missing character: There is no 出 in font cmr10!

! LaTeX Error: \begin{document} ended by \end{solution}.

See the LaTeX manual or LaTeX Companion for explanation.
Type  H <return>  for immediate help.
 ...                                              
                                                  
l.20 \end{solution}
                   
Your command was ignored.
Type  I <command> <return>  to replace it with another command,
or  <return>  to continue without it.


! LaTeX Error: Environment example undefined.

See the LaTeX manual or LaTeX Companion for explanation.
Type  H <return>  for immediate help.
 ...                                              
                                                  
l.21 \begin{example}
                    
Your command was ignored.
Type  I <command> <return>  to replace it with another command,
or  <return>  to continue without it.

Missing character: There is no 设 in font nullfont!
! Undefined control sequence.
l.22 设$\ln \sqrt{x^2+y^2}-\arctan \dfrac
                                        {y}{x}=\ln 2$~,求$\dfrac{dy}{dx}$。
The control sequence at the end of the top line
of your error message was never \def'ed. If you have
misspelled it (e.g., `\hobx'), type `I' and the correct
spelling (e.g., `I\hbox'). Otherwise just continue,
and I'll forget about whatever was undefined.

Missing character: There is no , in font nullfont!
Missing character: There is no 求 in font nullfont!
! Undefined control sequence.
<recently read> \dfrac 
                       
l.22 ...y^2}-\arctan \dfrac{y}{x}=\ln 2$~,求$\dfrac
                                                  {dy}{dx}$。
The control sequence at the end of the top line
of your error message was never \def'ed. If you have
misspelled it (e.g., `\hobx'), type `I' and the correct
spelling (e.g., `I\hbox'). Otherwise just continue,
and I'll forget about whatever was undefined.

Missing character: There is no 。 in font nullfont!

! LaTeX Error: \begin{document} ended by \end{example}.

See the LaTeX manual or LaTeX Companion for explanation.
Type  H <return>  for immediate help.
 ...                                              
                                                  
l.23 \end{example}
                  
Your command was ignored.
Type  I <command> <return>  to replace it with another command,
or  <return>  to continue without it.


! LaTeX Error: Environment solution undefined.

See the LaTeX manual or LaTeX Companion for explanation.
Type  H <return>  for immediate help.
 ...                                              
                                                  
l.24 \begin{solution}
                     
Your command was ignored.
Type  I <command> <return>  to replace it with another command,
or  <return>  to continue without it.

Missing character: There is no 原 in font nullfont!
Missing character: There is no 方 in font nullfont!
Missing character: There is no 程 in font nullfont!
Missing character: There is no 为 in font nullfont!
! Undefined control sequence.
<recently read> \dfrac 
                       
l.25 原方程为$\dfrac
                {1}{2} \ln \left(x^2+y^2\right)=\arctan \dfrac{y}{x}+\ln 2$\\
The control sequence at the end of the top line
of your error message was never \def'ed. If you have
misspelled it (e.g., `\hobx'), type `I' and the correct
spelling (e.g., `I\hbox'). Otherwise just continue,
and I'll forget about whatever was undefined.

! Undefined control sequence.
l.25 ...2} \ln \left(x^2+y^2\right)=\arctan \dfrac
                                                  {y}{x}+\ln 2$\\
The control sequence at the end of the top line
of your error message was never \def'ed. If you have
misspelled it (e.g., `\hobx'), type `I' and the correct
spelling (e.g., `I\hbox'). Otherwise just continue,
and I'll forget about whatever was undefined.

! Undefined control sequence.
<recently read> \dfrac 
                       
l.26 $\dfrac
            {x+yy'}{x^2+y^2}=\dfrac{1}{1+\left(\dfrac{y}{x}\right)^2}\dfrac{...
The control sequence at the end of the top line
of your error message was never \def'ed. If you have
misspelled it (e.g., `\hobx'), type `I' and the correct
spelling (e.g., `I\hbox'). Otherwise just continue,
and I'll forget about whatever was undefined.

! Undefined control sequence.
l.26 $\dfrac{x+yy'}{x^2+y^2}=\dfrac
                                   {1}{1+\left(\dfrac{y}{x}\right)^2}\dfrac{...
The control sequence at the end of the top line
of your error message was never \def'ed. If you have
misspelled it (e.g., `\hobx'), type `I' and the correct
spelling (e.g., `I\hbox'). Otherwise just continue,
and I'll forget about whatever was undefined.

! Undefined control sequence.
l.26 ...c{x+yy'}{x^2+y^2}=\dfrac{1}{1+\left(\dfrac
                                                  {y}{x}\right)^2}\dfrac{xy'...
The control sequence at the end of the top line
of your error message was never \def'ed. If you have
misspelled it (e.g., `\hobx'), type `I' and the correct
spelling (e.g., `I\hbox'). Otherwise just continue,
and I'll forget about whatever was undefined.

! Undefined control sequence.
l.26 ...ac{1}{1+\left(\dfrac{y}{x}\right)^2}\dfrac
                                                  {xy'-y}{x^2}$\\
The control sequence at the end of the top line
of your error message was never \def'ed. If you have
misspelled it (e.g., `\hobx'), type `I' and the correct
spelling (e.g., `I\hbox'). Otherwise just continue,
and I'll forget about whatever was undefined.

Missing character: There is no 等 in font nullfont!
Missing character: There is no 号 in font nullfont!
Missing character: There is no 两 in font nullfont!
Missing character: There is no 边 in font nullfont!
Missing character: There is no 对 in font nullfont!
Missing character: There is no 求 in font nullfont!
Missing character: There is no 导 in font nullfont!
Missing character: There is no 得 in font nullfont!
! Undefined control sequence.
l.27 等号两边对$x$求导得$x+yy'=xy'-y~,\dfrac
                                    {dy}{dx}=\dfrac{x+y}{x-y}$
The control sequence at the end of the top line
of your error message was never \def'ed. If you have
misspelled it (e.g., `\hobx'), type `I' and the correct
spelling (e.g., `I\hbox'). Otherwise just continue,
and I'll forget about whatever was undefined.

! Undefined control sequence.
l.27 ...对$x$求导得$x+yy'=xy'-y~,\dfrac{dy}{dx}=\dfrac
                                                  {x+y}{x-y}$
The control sequence at the end of the top line
of your error message was never \def'ed. If you have
misspelled it (e.g., `\hobx'), type `I' and the correct
spelling (e.g., `I\hbox'). Otherwise just continue,
and I'll forget about whatever was undefined.


! LaTeX Error: \begin{document} ended by \end{solution}.

See the LaTeX manual or LaTeX Companion for explanation.
Type  H <return>  for immediate help.
 ...                                              
                                                  
l.28 \end{solution}
                   
Your command was ignored.
Type  I <command> <return>  to replace it with another command,
or  <return>  to continue without it.


! LaTeX Error: Environment example undefined.

See the LaTeX manual or LaTeX Companion for explanation.
Type  H <return>  for immediate help.
 ...                                              
                                                  
l.29 \begin{example}
                    
Your command was ignored.
Type  I <command> <return>  to replace it with another command,
or  <return>  to continue without it.

Missing character: There is no 求 in font nullfont!
Missing character: There is no 椭 in font nullfont!
Missing character: There is no 圆 in font nullfont!
! Undefined control sequence.
<recently read> \dfrac 
                       
l.30 求椭圆$\dfrac
               {x^2}{16}+\dfrac{y^2}{9}=1$在点$\left(2,\dfrac{3\sqrt{3}}{2}\ri...
The control sequence at the end of the top line
of your error message was never \def'ed. If you have
misspelled it (e.g., `\hobx'), type `I' and the correct
spelling (e.g., `I\hbox'). Otherwise just continue,
and I'll forget about whatever was undefined.

! Undefined control sequence.
l.30 求椭圆$\dfrac{x^2}{16}+\dfrac
                               {y^2}{9}=1$在点$\left(2,\dfrac{3\sqrt{3}}{2}\ri...
The control sequence at the end of the top line
of your error message was never \def'ed. If you have
misspelled it (e.g., `\hobx'), type `I' and the correct
spelling (e.g., `I\hbox'). Otherwise just continue,
and I'll forget about whatever was undefined.

Missing character: There is no 在 in font nullfont!
Missing character: There is no 点 in font nullfont!
! Undefined control sequence.
l.30 ...^2}{16}+\dfrac{y^2}{9}=1$在点$\left(2,\dfrac
                                                  {3\sqrt{3}}{2}\right)$处的切线方程。
The control sequence at the end of the top line
of your error message was never \def'ed. If you have
misspelled it (e.g., `\hobx'), type `I' and the correct
spelling (e.g., `I\hbox'). Otherwise just continue,
and I'll forget about whatever was undefined.

Missing character: There is no 处 in font nullfont!
Missing character: There is no 的 in font nullfont!
Missing character: There is no 切 in font nullfont!
Missing character: There is no 线 in font nullfont!
Missing character: There is no 方 in font nullfont!
Missing character: There is no 程 in font nullfont!
Missing character: There is no 。 in font nullfont!

! LaTeX Error: \begin{document} ended by \end{example}.

See the LaTeX manual or LaTeX Companion for explanation.
Type  H <return>  for immediate help.
 ...                                              
                                                  
l.31 \end{example}
                  
Your command was ignored.
Type  I <command> <return>  to replace it with another command,
or  <return>  to continue without it.


! LaTeX Error: Environment solution undefined.

See the LaTeX manual or LaTeX Companion for explanation.
Type  H <return>  for immediate help.
 ...                                              
                                                  
l.32 \begin{solution}
                     
Your command was ignored.
Type  I <command> <return>  to replace it with another command,
or  <return>  to continue without it.

! Undefined control sequence.
<recently read> \dfrac 
                       
l.33 $\dfrac
            {2x}{16}+\dfrac{2yy'}{9}=0~,y'=-\dfrac{9x}{16y}~,y'\big|_{\left(...
The control sequence at the end of the top line
of your error message was never \def'ed. If you have
misspelled it (e.g., `\hobx'), type `I' and the correct
spelling (e.g., `I\hbox'). Otherwise just continue,
and I'll forget about whatever was undefined.

! Undefined control sequence.
l.33 $\dfrac{2x}{16}+\dfrac
                           {2yy'}{9}=0~,y'=-\dfrac{9x}{16y}~,y'\big|_{\left(...
The control sequence at the end of the top line
of your error message was never \def'ed. If you have
misspelled it (e.g., `\hobx'), type `I' and the correct
spelling (e.g., `I\hbox'). Otherwise just continue,
and I'll forget about whatever was undefined.

! Undefined control sequence.
l.33 $\dfrac{2x}{16}+\dfrac{2yy'}{9}=0~,y'=-\dfrac
                                                  {9x}{16y}~,y'\big|_{\left(...
The control sequence at the end of the top line
of your error message was never \def'ed. If you have
misspelled it (e.g., `\hobx'), type `I' and the correct
spelling (e.g., `I\hbox'). Otherwise just continue,
and I'll forget about whatever was undefined.

! Undefined control sequence.
l.33 ...=-\dfrac{9x}{16y}~,y'\big|_{\left(2,\tfrac
                                                  {3\sqrt{3}}{2}\right)}=\le...
The control sequence at the end of the top line
of your error message was never \def'ed. If you have
misspelled it (e.g., `\hobx'), type `I' and the correct
spelling (e.g., `I\hbox'). Otherwise just continue,
and I'll forget about whatever was undefined.

! Undefined control sequence.
l.33 ...\tfrac{3\sqrt{3}}{2}\right)}=\left(-\dfrac
                                                  {9x}{16y}\right)\big|_{\le...
The control sequence at the end of the top line
of your error message was never \def'ed. If you have
misspelled it (e.g., `\hobx'), type `I' and the correct
spelling (e.g., `I\hbox'). Otherwise just continue,
and I'll forget about whatever was undefined.

! Undefined control sequence.
l.33 ...dfrac{9x}{16y}\right)\big|_{\left(2,\tfrac
                                                  {3\sqrt{3}}{2}\right)}=-\d...
The control sequence at the end of the top line
of your error message was never \def'ed. If you have
misspelled it (e.g., `\hobx'), type `I' and the correct
spelling (e.g., `I\hbox'). Otherwise just continue,
and I'll forget about whatever was undefined.

! Undefined control sequence.
l.33 ...eft(2,\tfrac{3\sqrt{3}}{2}\right)}=-\dfrac
                                                  {\sqrt{3}}{4}$\\
The control sequence at the end of the top line
of your error message was never \def'ed. If you have
misspelled it (e.g., `\hobx'), type `I' and the correct
spelling (e.g., `I\hbox'). Otherwise just continue,
and I'll forget about whatever was undefined.

Missing character: There is no 所 in font nullfont!
Missing character: There is no 以 in font nullfont!
Missing character: There is no ， in font nullfont!
Missing character: There is no 切 in font nullfont!
Missing character: There is no 线 in font nullfont!
Missing character: There is no 方 in font nullfont!
Missing character: There is no 程 in font nullfont!
Missing character: There is no 为 in font nullfont!
! Undefined control sequence.
l.34 所以，切线方程为$y-\dfrac
                      {3\sqrt{3}}{2}=-\dfrac{\sqrt{3}}{4}\left(x-2\right)$\\
The control sequence at the end of the top line
of your error message was never \def'ed. If you have
misspelled it (e.g., `\hobx'), type `I' and the correct
spelling (e.g., `I\hbox'). Otherwise just continue,
and I'll forget about whatever was undefined.

! Undefined control sequence.
l.34 所以，切线方程为$y-\dfrac{3\sqrt{3}}{2}=-\dfrac
                                            {\sqrt{3}}{4}\left(x-2\right)$\\
The control sequence at the end of the top line
of your error message was never \def'ed. If you have
misspelled it (e.g., `\hobx'), type `I' and the correct
spelling (e.g., `I\hbox'). Otherwise just continue,
and I'll forget about whatever was undefined.


! LaTeX Error: \begin{document} ended by \end{solution}.

See the LaTeX manual or LaTeX Companion for explanation.
Type  H <return>  for immediate help.
 ...                                              
                                                  
l.35 \end{solution}
                   
Your command was ignored.
Type  I <command> <return>  to replace it with another command,
or  <return>  to continue without it.

! Undefined control sequence.
l.36 {\kaishu
             \color{blue} 注：方程$F\left(x,y\right)=0$中，变量$x$与$y$的地位是平等的，同样可确定$...
The control sequence at the end of the top line
of your error message was never \def'ed. If you have
misspelled it (e.g., `\hobx'), type `I' and the correct
spelling (e.g., `I\hbox'). Otherwise just continue,
and I'll forget about whatever was undefined.

! Undefined control sequence.
l.36 {\kaishu\color
                   {blue} 注：方程$F\left(x,y\right)=0$中，变量$x$与$y$的地位是平等的，同样可确定$...
The control sequence at the end of the top line
of your error message was never \def'ed. If you have
misspelled it (e.g., `\hobx'), type `I' and the correct
spelling (e.g., `I\hbox'). Otherwise just continue,
and I'll forget about whatever was undefined.

Missing character: There is no b in font nullfont!
Missing character: There is no l in font nullfont!
Missing character: There is no u in font nullfont!
Missing character: There is no e in font nullfont!
Missing character: There is no 注 in font nullfont!
Missing character: There is no ： in font nullfont!
Missing character: There is no 方 in font nullfont!
Missing character: There is no 程 in font nullfont!
Missing character: There is no 中 in font nullfont!
Missing character: There is no ， in font nullfont!
Missing character: There is no 变 in font nullfont!
Missing character: There is no 量 in font nullfont!
Missing character: There is no 与 in font nullfont!
Missing character: There is no 的 in font nullfont!
Missing character: There is no 地 in font nullfont!
Missing character: There is no 位 in font nullfont!
Missing character: There is no 是 in font nullfont!
Missing character: There is no 平 in font nullfont!
Missing character: There is no 等 in font nullfont!
Missing character: There is no 的 in font nullfont!
Missing character: There is no ， in font nullfont!
Missing character: There is no 同 in font nullfont!
Missing character: There is no 样 in font nullfont!
Missing character: There is no 可 in font nullfont!
Missing character: There is no 确 in font nullfont!
Missing character: There is no 定 in font nullfont!
Missing character: There is no 的 in font nullfont!
Missing character: There is no 一 in font nullfont!
Missing character: There is no 个 in font nullfont!
Missing character: There is no 隐 in font nullfont!
Missing character: There is no 函 in font nullfont!
Missing character: There is no 数 in font nullfont!
Missing character: There is no ， in font nullfont!
Missing character: There is no 所 in font nullfont!
Missing character: There is no 以 in font nullfont!
Missing character: There is no 可 in font nullfont!
Missing character: There is no 求 in font nullfont!
! Undefined control sequence.
<recently read> \dfrac 
                       
l.36 ...$与$y$的地位是平等的，同样可确定$y$的一个隐函数$x$，所以可求$\dfrac
                                                  {dx}{dy}$。}
The control sequence at the end of the top line
of your error message was never \def'ed. If you have
misspelled it (e.g., `\hobx'), type `I' and the correct
spelling (e.g., `I\hbox'). Otherwise just continue,
and I'll forget about whatever was undefined.

Missing character: There is no 。 in font nullfont!
! Undefined control sequence.
l.37 \subsection
                {对数求导法}
The control sequence at the end of the top line
of your error message was never \def'ed. If you have
misspelled it (e.g., `\hobx'), type `I' and the correct
spelling (e.g., `I\hbox'). Otherwise just continue,
and I'll forget about whatever was undefined.

Missing character: There is no 对 in font nullfont!
Missing character: There is no 数 in font nullfont!
Missing character: There is no 求 in font nullfont!
Missing character: There is no 导 in font nullfont!
Missing character: There is no 法 in font nullfont!
Missing character: There is no 先 in font nullfont!
Missing character: There is no 把 in font nullfont!
Missing character: There is no 函 in font nullfont!
Missing character: There is no 数 in font nullfont!
Missing character: There is no 取 in font nullfont!
Missing character: There is no 自 in font nullfont!
Missing character: There is no 然 in font nullfont!
Missing character: There is no 对 in font nullfont!
Missing character: There is no 数 in font nullfont!
Missing character: There is no 化 in font nullfont!
Missing character: There is no 为 in font nullfont!
Missing character: There is no 隐 in font nullfont!
Missing character: There is no 函 in font nullfont!
Missing character: There is no 数 in font nullfont!
Missing character: There is no 然 in font nullfont!
Missing character: There is no 后 in font nullfont!
Missing character: There is no 求 in font nullfont!
Missing character: There is no 导 in font nullfont!
Missing character: There is no ， in font nullfont!
Missing character: There is no 这 in font nullfont!
Missing character: There is no 种 in font nullfont!
Missing character: There is no 方 in font nullfont!
Missing character: There is no 法 in font nullfont!
Missing character: There is no 叫 in font nullfont!
Missing character: There is no 对 in font nullfont!
Missing character: There is no 数 in font nullfont!
Missing character: There is no 求 in font nullfont!
Missing character: There is no 导 in font nullfont!
Missing character: There is no 法 in font nullfont!
Missing character: There is no 。 in font nullfont!

! LaTeX Error: Environment example undefined.

See the LaTeX manual or LaTeX Companion for explanation.
Type  H <return>  for immediate help.
 ...                                              
                                                  
l.39 \begin{example}
                    
Your command was ignored.
Type  I <command> <return>  to replace it with another command,
or  <return>  to continue without it.

Missing character: There is no 设 in font nullfont!
! Undefined control sequence.
l.40 设$y=\sqrt{\dfrac
                     {(x-1)(x-2)}{(x-3)(x-4)}}$~,求$y‘$。
The control sequence at the end of the top line
of your error message was never \def'ed. If you have
misspelled it (e.g., `\hobx'), type `I' and the correct
spelling (e.g., `I\hbox'). Otherwise just continue,
and I'll forget about whatever was undefined.

Missing character: There is no , in font nullfont!
Missing character: There is no 求 in font nullfont!
Missing character: There is no ‘ in font cmr10!
Missing character: There is no 。 in font nullfont!

! LaTeX Error: \begin{document} ended by \end{example}.

See the LaTeX manual or LaTeX Companion for explanation.
Type  H <return>  for immediate help.
 ...                                              
                                                  
l.41 \end{example}
                  
Your command was ignored.
Type  I <command> <return>  to replace it with another command,
or  <return>  to continue without it.


! LaTeX Error: Environment solution undefined.

See the LaTeX manual or LaTeX Companion for explanation.
Type  H <return>  for immediate help.
 ...                                              
                                                  
l.42 \begin{solution}
                     
Your command was ignored.
Type  I <command> <return>  to replace it with another command,
or  <return>  to continue without it.


! LaTeX Error: Environment aligned undefined.

See the LaTeX manual or LaTeX Companion for explanation.
Type  H <return>  for immediate help.
 ...                                              
                                                  
l.43 $\begin{aligned}
                     
Your command was ignored.
Type  I <command> <return>  to replace it with another command,
or  <return>  to continue without it.

! Undefined control sequence.
l.44 x>4\text
             {时}\\
The control sequence at the end of the top line
of your error message was never \def'ed. If you have
misspelled it (e.g., `\hobx'), type `I' and the correct
spelling (e.g., `I\hbox'). Otherwise just continue,
and I'll forget about whatever was undefined.

! Misplaced alignment tab character &.
l.45 \ln y&
           =\dfrac{1}{2}\ln \dfrac{(x-1)(x-2)}{(x-3)(x-4)}\\
I can't figure out why you would want to use a tab mark
here. If you just want an ampersand, the remedy is
simple: Just type `I\&' now. But if some right brace
up above has ended a previous alignment prematurely,
you're probably due for more error messages, and you
might try typing `S' now just to see what is salvageable.

! Undefined control sequence.
l.45 \ln y&=\dfrac
                  {1}{2}\ln \dfrac{(x-1)(x-2)}{(x-3)(x-4)}\\
The control sequence at the end of the top line
of your error message was never \def'ed. If you have
misspelled it (e.g., `\hobx'), type `I' and the correct
spelling (e.g., `I\hbox'). Otherwise just continue,
and I'll forget about whatever was undefined.

! Undefined control sequence.
l.45 \ln y&=\dfrac{1}{2}\ln \dfrac
                                  {(x-1)(x-2)}{(x-3)(x-4)}\\
The control sequence at the end of the top line
of your error message was never \def'ed. If you have
misspelled it (e.g., `\hobx'), type `I' and the correct
spelling (e.g., `I\hbox'). Otherwise just continue,
and I'll forget about whatever was undefined.

! Misplaced alignment tab character &.
<recently read> &
                 
l.46 &
      =\dfrac{1}{2}\left[\ln \left(x-1\right)+\ln \left(x-2\right)-\ln \left...
I can't figure out why you would want to use a tab mark
here. If you just want an ampersand, the remedy is
simple: Just type `I\&' now. But if some right brace
up above has ended a previous alignment prematurely,
you're probably due for more error messages, and you
might try typing `S' now just to see what is salvageable.

! Undefined control sequence.
l.46 &=\dfrac
             {1}{2}\left[\ln \left(x-1\right)+\ln \left(x-2\right)-\ln \left...
The control sequence at the end of the top line
of your error message was never \def'ed. If you have
misspelled it (e.g., `\hobx'), type `I' and the correct
spelling (e.g., `I\hbox'). Otherwise just continue,
and I'll forget about whatever was undefined.

! Undefined control sequence.
<recently read> \dfrac 
                       
l.47 \dfrac
           {1}{y}y'&=\dfrac{1}{2}\left[\dfrac{1}{x-1}+\dfrac{1}{x-2}-\dfrac{...
The control sequence at the end of the top line
of your error message was never \def'ed. If you have
misspelled it (e.g., `\hobx'), type `I' and the correct
spelling (e.g., `I\hbox'). Otherwise just continue,
and I'll forget about whatever was undefined.

! Misplaced alignment tab character &.
<recently read> &
                 
l.47 \dfrac{1}{y}y'&
                    =\dfrac{1}{2}\left[\dfrac{1}{x-1}+\dfrac{1}{x-2}-\dfrac{...
I can't figure out why you would want to use a tab mark
here. If you just want an ampersand, the remedy is
simple: Just type `I\&' now. But if some right brace
up above has ended a previous alignment prematurely,
you're probably due for more error messages, and you
might try typing `S' now just to see what is salvageable.

! Undefined control sequence.
l.47 \dfrac{1}{y}y'&=\dfrac
                           {1}{2}\left[\dfrac{1}{x-1}+\dfrac{1}{x-2}-\dfrac{...
The control sequence at the end of the top line
of your error message was never \def'ed. If you have
misspelled it (e.g., `\hobx'), type `I' and the correct
spelling (e.g., `I\hbox'). Otherwise just continue,
and I'll forget about whatever was undefined.

! Undefined control sequence.
l.47 \dfrac{1}{y}y'&=\dfrac{1}{2}\left[\dfrac
                                             {1}{x-1}+\dfrac{1}{x-2}-\dfrac{...
The control sequence at the end of the top line
of your error message was never \def'ed. If you have
misspelled it (e.g., `\hobx'), type `I' and the correct
spelling (e.g., `I\hbox'). Otherwise just continue,
and I'll forget about whatever was undefined.

! Undefined control sequence.
l.47 ...'&=\dfrac{1}{2}\left[\dfrac{1}{x-1}+\dfrac
                                                  {1}{x-2}-\dfrac{1}{x-3}-\d...
The control sequence at the end of the top line
of your error message was never \def'ed. If you have
misspelled it (e.g., `\hobx'), type `I' and the correct
spelling (e.g., `I\hbox'). Otherwise just continue,
and I'll forget about whatever was undefined.

! Undefined control sequence.
l.47 ...\left[\dfrac{1}{x-1}+\dfrac{1}{x-2}-\dfrac
                                                  {1}{x-3}-\dfrac{1}{x-4}\ri...
The control sequence at the end of the top line
of your error message was never \def'ed. If you have
misspelled it (e.g., `\hobx'), type `I' and the correct
spelling (e.g., `I\hbox'). Otherwise just continue,
and I'll forget about whatever was undefined.

! Undefined control sequence.
l.47 ...{x-1}+\dfrac{1}{x-2}-\dfrac{1}{x-3}-\dfrac
                                                  {1}{x-4}\right]\\
The control sequence at the end of the top line
of your error message was never \def'ed. If you have
misspelled it (e.g., `\hobx'), type `I' and the correct
spelling (e.g., `I\hbox'). Otherwise just continue,
and I'll forget about whatever was undefined.

! Misplaced alignment tab character &.
<recently read> &
                 
l.48 y'&
        =\dfrac{1}{2}y\left[\dfrac{1}{x-1}+\dfrac{1}{x-2}-\dfrac{1}{x-3}-\df...
I can't figure out why you would want to use a tab mark
here. If you just want an ampersand, the remedy is
simple: Just type `I\&' now. But if some right brace
up above has ended a previous alignment prematurely,
you're probably due for more error messages, and you
might try typing `S' now just to see what is salvageable.

! Undefined control sequence.
l.48 y'&=\dfrac
               {1}{2}y\left[\dfrac{1}{x-1}+\dfrac{1}{x-2}-\dfrac{1}{x-3}-\df...
The control sequence at the end of the top line
of your error message was never \def'ed. If you have
misspelled it (e.g., `\hobx'), type `I' and the correct
spelling (e.g., `I\hbox'). Otherwise just continue,
and I'll forget about whatever was undefined.

! Undefined control sequence.
l.48 y'&=\dfrac{1}{2}y\left[\dfrac
                                  {1}{x-1}+\dfrac{1}{x-2}-\dfrac{1}{x-3}-\df...
The control sequence at the end of the top line
of your error message was never \def'ed. If you have
misspelled it (e.g., `\hobx'), type `I' and the correct
spelling (e.g., `I\hbox'). Otherwise just continue,
and I'll forget about whatever was undefined.

! Undefined control sequence.
l.48 y'&=\dfrac{1}{2}y\left[\dfrac{1}{x-1}+\dfrac
                                                 {1}{x-2}-\dfrac{1}{x-3}-\df...
The control sequence at the end of the top line
of your error message was never \def'ed. If you have
misspelled it (e.g., `\hobx'), type `I' and the correct
spelling (e.g., `I\hbox'). Otherwise just continue,
and I'll forget about whatever was undefined.

! Undefined control sequence.
l.48 ...\left[\dfrac{1}{x-1}+\dfrac{1}{x-2}-\dfrac
                                                  {1}{x-3}-\dfrac{1}{x-4}\ri...
The control sequence at the end of the top line
of your error message was never \def'ed. If you have
misspelled it (e.g., `\hobx'), type `I' and the correct
spelling (e.g., `I\hbox'). Otherwise just continue,
and I'll forget about whatever was undefined.

! Undefined control sequence.
l.48 ...{x-1}+\dfrac{1}{x-2}-\dfrac{1}{x-3}-\dfrac
                                                  {1}{x-4}\right]\\
The control sequence at the end of the top line
of your error message was never \def'ed. If you have
misspelled it (e.g., `\hobx'), type `I' and the correct
spelling (e.g., `I\hbox'). Otherwise just continue,
and I'll forget about whatever was undefined.

! Misplaced alignment tab character &.
<recently read> &
                 
l.49 &
      =\dfrac{1}{2}\sqrt{\dfrac{(x-1)(x-2)}{(x-3)(x-4)}}\left[\dfrac{1}{x-1}...
I can't figure out why you would want to use a tab mark
here. If you just want an ampersand, the remedy is
simple: Just type `I\&' now. But if some right brace
up above has ended a previous alignment prematurely,
you're probably due for more error messages, and you
might try typing `S' now just to see what is salvageable.

! Undefined control sequence.
l.49 &=\dfrac
             {1}{2}\sqrt{\dfrac{(x-1)(x-2)}{(x-3)(x-4)}}\left[\dfrac{1}{x-1}...
The control sequence at the end of the top line
of your error message was never \def'ed. If you have
misspelled it (e.g., `\hobx'), type `I' and the correct
spelling (e.g., `I\hbox'). Otherwise just continue,
and I'll forget about whatever was undefined.

! Undefined control sequence.
l.49 &=\dfrac{1}{2}\sqrt{\dfrac
                               {(x-1)(x-2)}{(x-3)(x-4)}}\left[\dfrac{1}{x-1}...
The control sequence at the end of the top line
of your error message was never \def'ed. If you have
misspelled it (e.g., `\hobx'), type `I' and the correct
spelling (e.g., `I\hbox'). Otherwise just continue,
and I'll forget about whatever was undefined.

! Undefined control sequence.
l.49 ...dfrac{(x-1)(x-2)}{(x-3)(x-4)}}\left[\dfrac
                                                  {1}{x-1}+\dfrac{1}{x-2}-\d...
The control sequence at the end of the top line
of your error message was never \def'ed. If you have
misspelled it (e.g., `\hobx'), type `I' and the correct
spelling (e.g., `I\hbox'). Otherwise just continue,
and I'll forget about whatever was undefined.

! Undefined control sequence.
l.49 ...)}{(x-3)(x-4)}}\left[\dfrac{1}{x-1}+\dfrac
                                                  {1}{x-2}-\dfrac{1}{x-3}-\d...
The control sequence at the end of the top line
of your error message was never \def'ed. If you have
misspelled it (e.g., `\hobx'), type `I' and the correct
spelling (e.g., `I\hbox'). Otherwise just continue,
and I'll forget about whatever was undefined.

! Undefined control sequence.
l.49 ...\left[\dfrac{1}{x-1}+\dfrac{1}{x-2}-\dfrac
                                                  {1}{x-3}-\dfrac{1}{x-4}\ri...
The control sequence at the end of the top line
of your error message was never \def'ed. If you have
misspelled it (e.g., `\hobx'), type `I' and the correct
spelling (e.g., `I\hbox'). Otherwise just continue,
and I'll forget about whatever was undefined.

! Undefined control sequence.
l.49 ...{x-1}+\dfrac{1}{x-2}-\dfrac{1}{x-3}-\dfrac
                                                  {1}{x-4}\right]
The control sequence at the end of the top line
of your error message was never \def'ed. If you have
misspelled it (e.g., `\hobx'), type `I' and the correct
spelling (e.g., `I\hbox'). Otherwise just continue,
and I'll forget about whatever was undefined.


! LaTeX Error: \begin{document} ended by \end{aligned}.

See the LaTeX manual or LaTeX Companion for explanation.
Type  H <return>  for immediate help.
 ...                                              
                                                  
l.50 \end{aligned}
                  $
Your command was ignored.
Type  I <command> <return>  to replace it with another command,
or  <return>  to continue without it.

Missing character: There is no 时 in font cmr10!

! LaTeX Error: \begin{document} ended by \end{solution}.

See the LaTeX manual or LaTeX Companion for explanation.
Type  H <return>  for immediate help.
 ...                                              
                                                  
l.51 \end{solution}
                   
Your command was ignored.
Type  I <command> <return>  to replace it with another command,
or  <return>  to continue without it.


! LaTeX Error: Environment example undefined.

See the LaTeX manual or LaTeX Companion for explanation.
Type  H <return>  for immediate help.
 ...                                              
                                                  
l.52 \begin{example}
                    
Your command was ignored.
Type  I <command> <return>  to replace it with another command,
or  <return>  to continue without it.

Missing character: There is no 设 in font nullfont!
Missing character: There is no ， in font nullfont!
Missing character: There is no 其 in font nullfont!
Missing character: There is no 中 in font nullfont!
Missing character: There is no 均 in font nullfont!
Missing character: There is no 为 in font nullfont!
Missing character: There is no 可 in font nullfont!
Missing character: There is no 导 in font nullfont!
Missing character: There is no 函 in font nullfont!
Missing character: There is no 数 in font nullfont!
Missing character: There is no ， in font nullfont!
Missing character: There is no 且 in font nullfont!
Missing character: There is no ， in font nullfont!
Missing character: There is no 求 in font nullfont!
! Undefined control sequence.
<recently read> \dfrac 
                       
l.53 ...$~，其中$f(x),g(x)$均为可导函数，且$f(x)>0$~，求$\dfrac
                                                  {dy}{dx}$。
The control sequence at the end of the top line
of your error message was never \def'ed. If you have
misspelled it (e.g., `\hobx'), type `I' and the correct
spelling (e.g., `I\hbox'). Otherwise just continue,
and I'll forget about whatever was undefined.

Missing character: There is no 。 in font nullfont!

! LaTeX Error: \begin{document} ended by \end{example}.

See the LaTeX manual or LaTeX Companion for explanation.
Type  H <return>  for immediate help.
 ...                                              
                                                  
l.54 \end{example}
                  
Your command was ignored.
Type  I <command> <return>  to replace it with another command,
or  <return>  to continue without it.


! LaTeX Error: Environment solution undefined.

See the LaTeX manual or LaTeX Companion for explanation.
Type  H <return>  for immediate help.
 ...                                              
                                                  
l.55 \begin{solution}
                     
Your command was ignored.
Type  I <command> <return>  to replace it with another command,
or  <return>  to continue without it.

! Undefined control sequence.
<recently read> \dfrac 
                       
l.57 $\dfrac
            {1}{y}y'=g'(x)\ln \left[f(x)\right]+\dfrac{g(x)}{f(x)}f'(x)$\\
The control sequence at the end of the top line
of your error message was never \def'ed. If you have
misspelled it (e.g., `\hobx'), type `I' and the correct
spelling (e.g., `I\hbox'). Otherwise just continue,
and I'll forget about whatever was undefined.

! Undefined control sequence.
l.57 ...{1}{y}y'=g'(x)\ln \left[f(x)\right]+\dfrac
                                                  {g(x)}{f(x)}f'(x)$\\
The control sequence at the end of the top line
of your error message was never \def'ed. If you have
misspelled it (e.g., `\hobx'), type `I' and the correct
spelling (e.g., `I\hbox'). Otherwise just continue,
and I'll forget about whatever was undefined.

! Undefined control sequence.
<recently read> \therefore 
                           
l.58 $\therefore
                 \dfrac{dy}{dx}=\left[f(x)\right]^{g(x)}\left\{g'(x)\ln \lef...
The control sequence at the end of the top line
of your error message was never \def'ed. If you have
misspelled it (e.g., `\hobx'), type `I' and the correct
spelling (e.g., `I\hbox'). Otherwise just continue,
and I'll forget about whatever was undefined.

! Undefined control sequence.
l.58 $\therefore \dfrac
                       {dy}{dx}=\left[f(x)\right]^{g(x)}\left\{g'(x)\ln \lef...
The control sequence at the end of the top line
of your error message was never \def'ed. If you have
misspelled it (e.g., `\hobx'), type `I' and the correct
spelling (e.g., `I\hbox'). Otherwise just continue,
and I'll forget about whatever was undefined.

! Undefined control sequence.
l.58 ...eft\{g'(x)\ln \left[f(x)\right]+g(x)\dfrac
                                                  {f'(x)}{f(x)}\right\}$
The control sequence at the end of the top line
of your error message was never \def'ed. If you have
misspelled it (e.g., `\hobx'), type `I' and the correct
spelling (e.g., `I\hbox'). Otherwise just continue,
and I'll forget about whatever was undefined.


! LaTeX Error: \begin{document} ended by \end{solution}.

See the LaTeX manual or LaTeX Companion for explanation.
Type  H <return>  for immediate help.
 ...                                              
                                                  
l.59 \end{solution}
                   
Your command was ignored.
Type  I <command> <return>  to replace it with another command,
or  <return>  to continue without it.

! Undefined control sequence.
l.60 {\kaishu
             \color{blue} 注：幂函数也可以写成复合函数的形式求导$y=\left[f(x)\right]^{g(x)}=e^{...
The control sequence at the end of the top line
of your error message was never \def'ed. If you have
misspelled it (e.g., `\hobx'), type `I' and the correct
spelling (e.g., `I\hbox'). Otherwise just continue,
and I'll forget about whatever was undefined.

! Undefined control sequence.
l.60 {\kaishu\color
                   {blue} 注：幂函数也可以写成复合函数的形式求导$y=\left[f(x)\right]^{g(x)}=e^{...
The control sequence at the end of the top line
of your error message was never \def'ed. If you have
misspelled it (e.g., `\hobx'), type `I' and the correct
spelling (e.g., `I\hbox'). Otherwise just continue,
and I'll forget about whatever was undefined.

Missing character: There is no b in font nullfont!
Missing character: There is no l in font nullfont!
Missing character: There is no u in font nullfont!
Missing character: There is no e in font nullfont!
Missing character: There is no 注 in font nullfont!
Missing character: There is no ： in font nullfont!
Missing character: There is no 幂 in font nullfont!
Missing character: There is no 函 in font nullfont!
Missing character: There is no 数 in font nullfont!
Missing character: There is no 也 in font nullfont!
Missing character: There is no 可 in font nullfont!
Missing character: There is no 以 in font nullfont!
Missing character: There is no 写 in font nullfont!
Missing character: There is no 成 in font nullfont!
Missing character: There is no 复 in font nullfont!
Missing character: There is no 合 in font nullfont!
Missing character: There is no 函 in font nullfont!
Missing character: There is no 数 in font nullfont!
Missing character: There is no 的 in font nullfont!
Missing character: There is no 形 in font nullfont!
Missing character: There is no 式 in font nullfont!
Missing character: There is no 求 in font nullfont!
Missing character: There is no 导 in font nullfont!
Missing character: There is no 。 in font nullfont!

! LaTeX Error: Environment example undefined.

See the LaTeX manual or LaTeX Companion for explanation.
Type  H <return>  for immediate help.
 ...                                              
                                                  
l.61 \begin{example}
                    
Your command was ignored.
Type  I <command> <return>  to replace it with another command,
or  <return>  to continue without it.

Missing character: There is no 求 in font nullfont!
Missing character: There is no 函 in font nullfont!
Missing character: There is no 数 in font nullfont!
Missing character: There is no 的 in font nullfont!
Missing character: There is no 导 in font nullfont!
Missing character: There is no 数 in font nullfont!
Missing character: There is no 。 in font nullfont!

! LaTeX Error: \begin{document} ended by \end{example}.

See the LaTeX manual or LaTeX Companion for explanation.
Type  H <return>  for immediate help.
 ...                                              
                                                  
l.63 \end{example}
                  
Your command was ignored.
Type  I <command> <return>  to replace it with another command,
or  <return>  to continue without it.


! LaTeX Error: Environment solution undefined.

See the LaTeX manual or LaTeX Companion for explanation.
Type  H <return>  for immediate help.
 ...                                              
                                                  
l.64 \begin{solution}
                     
(That makes 100 errors; please try again.) 
Here is how much of TeX's memory you used:
 13 strings out of 494885
 282 string characters out of 6175341
 60933 words of memory out of 5000000
 4006 multiletter control sequences out of 15000+600000
 3640 words of font info for 14 fonts, out of 8000000 for 9000
 36 hyphenation exceptions out of 8191
 18i,6n,12p,218b,56s stack positions out of 5000i,500n,10000p,200000b,80000s

No pages of output.
