\BOOKMARK [1][-]{section.1}{\376\377\133\374\145\160\166\204\151\202\137\365}{}% 1
\BOOKMARK [2][-]{subsection.1.1}{\376\377\133\374\145\160\166\204\133\232\116\111}{section.1}% 2
\BOOKMARK [2][-]{subsection.1.2}{\376\377\123\357\133\374\116\016\217\336\176\355\166\204\121\163\174\373}{section.1}% 3
\BOOKMARK [2][-]{subsection.1.3}{\376\377\133\374\145\160\166\204\121\340\117\125\141\017\116\111}{section.1}% 4
\BOOKMARK [1][-]{section.2}{\376\377\154\102\133\374\122\035\153\145}{}% 5
\BOOKMARK [2][-]{subsection.2.1}{\376\377\133\374\145\160\166\204\126\333\122\031\217\320\173\227}{section.2}% 6
\BOOKMARK [2][-]{subsection.2.2}{\376\377\123\315\121\375\145\160\166\204\133\374\145\160}{section.2}% 7
\BOOKMARK [2][-]{subsection.2.3}{\376\377\131\015\124\010\121\375\145\160\166\204\154\102\133\374\154\325\122\031}{section.2}% 8
\BOOKMARK [1][-]{section.3}{\376\377\121\166\116\326\154\102\133\374\174\173\127\213}{}% 9
\BOOKMARK [2][-]{subsection.3.1}{\376\377\226\220\121\375\145\160\123\312\121\166\154\102\133\374\154\325}{section.3}% 10
\BOOKMARK [2][-]{subsection.3.2}{\376\377\133\371\145\160\154\102\133\374\154\325}{section.3}% 11
\BOOKMARK [2][-]{subsection.3.3}{\376\377\123\314\146\362\121\375\145\160\116\016\123\315\123\314\146\362\121\375\145\160\166\204\133\374\145\160}{section.3}% 12
\BOOKMARK [2][-]{subsection.3.4}{\376\377\232\330\226\066\133\374\145\160}{section.3}% 13
\BOOKMARK [2][-]{subsection.3.5}{\376\377\123\302\145\160\145\271\172\013\166\204\133\374\145\160}{section.3}% 14
\BOOKMARK [1][-]{section.4}{\376\377\121\375\145\160\116\016\137\256\122\006}{}% 15
\BOOKMARK [2][-]{subsection.4.1}{\376\377\137\256\122\006\166\204\151\202\137\365}{section.4}% 16
\BOOKMARK [1][-]{section.5}{\376\377\133\374\145\160\127\050\121\375\145\160\116\055\166\204\136\224\165\050}{}% 17
\BOOKMARK [2][-]{subsection.5.1}{\376\377\121\375\145\160\123\125\214\003\130\236\121\317\140\047\166\204\122\044\133\232}{section.5}% 18
\BOOKMARK [1][-]{section.6}{\376\377\137\256\122\006\145\271\172\013}{}% 19
\BOOKMARK [2][-]{subsection.6.1}{\376\377\116\000\226\066\137\256\122\006\145\271\172\013}{section.6}% 20
\BOOKMARK [2][-]{subsection.6.2}{\376\377\000t\000i\000t\000l\000e}{section.6}% 21
